<?xml version="1.0" encoding="UTF-8"?>
<testng-results skipped="0" failed="0" ignored="0" total="0" passed="0">
  <reporter-output>
  </reporter-output>
  <suite name="All Test Suite" duration-ms="23" started-at="2021-03-17T12:21:17 EET" finished-at="2021-03-17T12:21:17 EET">
    <groups>
    </groups>
    <test name="LoginToGmail" duration-ms="23" started-at="2021-03-17T12:21:17 EET" finished-at="2021-03-17T12:21:17 EET">
    </test> <!-- LoginToGmail -->
  </suite> <!-- All Test Suite -->
</testng-results>
